<?xml version="1.0" encoding="UTF-8"?>
<coverage generated="1678240985266" clover="3.2.0">
  <project timestamp="1678240985266" name="All files">
    <metrics statements="41" coveredstatements="40" conditionals="6" coveredconditionals="5" methods="9" coveredmethods="9" elements="56" coveredelements="54" complexity="0" loc="41" ncloc="41" packages="1" files="3" classes="3"/>
    <file name="Installment.ts" path="C:\Users\Usuário\Desktop\TDD - full cycle 1\src\Installment.ts">
      <metrics statements="11" coveredstatements="11" conditionals="2" coveredconditionals="2" methods="2" coveredmethods="2"/>
      <line num="3" count="1" type="stmt"/>
      <line num="5" count="19" type="stmt"/>
      <line num="7" count="19" type="stmt"/>
      <line num="8" count="19" type="stmt"/>
      <line num="9" count="19" type="stmt"/>
      <line num="11" count="19" type="stmt"/>
      <line num="12" count="19" type="stmt"/>
      <line num="16" count="19" type="cond" truecount="1" falsecount="0"/>
      <line num="17" count="7" type="stmt"/>
      <line num="20" count="19" type="cond" truecount="1" falsecount="0"/>
      <line num="21" count="16" type="stmt"/>
    </file>
    <file name="Tax.ts" path="C:\Users\Usuário\Desktop\TDD - full cycle 1\src\Tax.ts">
      <metrics statements="4" coveredstatements="4" conditionals="0" coveredconditionals="0" methods="1" coveredmethods="1"/>
      <line num="1" count="1" type="stmt"/>
      <line num="3" count="7" type="stmt"/>
      <line num="4" count="7" type="stmt"/>
      <line num="5" count="7" type="stmt"/>
    </file>
    <file name="Transaction.ts" path="C:\Users\Usuário\Desktop\TDD - full cycle 1\src\Transaction.ts">
      <metrics statements="26" coveredstatements="25" conditionals="4" coveredconditionals="3" methods="6" coveredmethods="6"/>
      <line num="1" count="1" type="stmt"/>
      <line num="5" count="1" type="stmt"/>
      <line num="9" count="7" type="stmt"/>
      <line num="10" count="7" type="stmt"/>
      <line num="11" count="7" type="stmt"/>
      <line num="12" count="7" type="stmt"/>
      <line num="13" count="7" type="stmt"/>
      <line num="15" count="7" type="stmt"/>
      <line num="16" count="7" type="stmt"/>
      <line num="17" count="7" type="stmt"/>
      <line num="21" count="7" type="stmt"/>
      <line num="22" count="7" type="stmt"/>
      <line num="23" count="7" type="stmt"/>
      <line num="24" count="19" type="stmt"/>
      <line num="29" count="19" type="stmt"/>
      <line num="34" count="5" type="stmt"/>
      <line num="35" count="5" type="stmt"/>
      <line num="38" count="5" type="cond" truecount="0" falsecount="1"/>
      <line num="39" count="0" type="stmt"/>
      <line num="44" count="5" type="stmt"/>
      <line num="48" count="3" type="stmt"/>
      <line num="49" count="3" type="stmt"/>
      <line num="50" count="6" type="cond" truecount="1" falsecount="0"/>
      <line num="53" count="3" type="stmt"/>
      <line num="57" count="2" type="stmt"/>
      <line num="58" count="2" type="cond" truecount="2" falsecount="0"/>
    </file>
  </project>
</coverage>
