TN:
SF:src\Installment.ts
FN:6,(anonymous_0)
FN:15,(anonymous_1)
FNF:2
FNH:2
FNDA:19,(anonymous_0)
FNDA:19,(anonymous_1)
DA:3,1
DA:5,19
DA:7,19
DA:8,19
DA:9,19
DA:11,19
DA:12,19
DA:16,19
DA:17,7
DA:20,19
DA:21,16
LF:11
LH:11
BRDA:16,0,0,7
BRDA:20,1,0,16
BRF:2
BRH:2
end_of_record
TN:
SF:src\Tax.ts
FN:2,(anonymous_0)
FNF:1
FNH:1
FNDA:7,(anonymous_0)
DA:1,1
DA:3,7
DA:4,7
DA:5,7
LF:4
LH:4
BRF:0
BRH:0
end_of_record
TN:
SF:src\Transaction.ts
FN:8,(anonymous_1)
FN:20,(anonymous_2)
FN:33,(anonymous_3)
FN:35,(anonymous_4)
FN:47,(anonymous_5)
FN:56,(anonymous_6)
FNF:6
FNH:6
FNDA:7,(anonymous_1)
FNDA:7,(anonymous_2)
FNDA:5,(anonymous_3)
FNDA:5,(anonymous_4)
FNDA:3,(anonymous_5)
FNDA:2,(anonymous_6)
DA:1,1
DA:5,1
DA:9,7
DA:10,7
DA:11,7
DA:12,7
DA:13,7
DA:15,7
DA:16,7
DA:17,7
DA:21,7
DA:22,7
DA:23,7
DA:24,19
DA:29,19
DA:34,5
DA:35,5
DA:38,5
DA:39,0
DA:44,5
DA:48,3
DA:49,3
DA:50,6
DA:53,3
DA:57,2
DA:58,2
LF:26
LH:25
BRDA:38,0,0,0
BRDA:50,1,0,2
BRDA:58,2,0,1
BRDA:58,2,1,1
BRF:4
BRH:3
end_of_record
